CREATE LPR   
RELAUNCH LPR   
CREATE APPL  
UPDATE SOC   
UPDATE SOC   
UPDATE SOC   
UPDATE SOC   
UPDATE SOC   
CREATE NODE  
CREATE NODE  
CREATE NODE  
UPDATE NODE  
DELETE NODE  
DELETE NODE  
DELETE NODE  
DELETE NODE  
DELETE NODE  
DELETE NODE  
DELETE NODE  
CREATE NODE  
CREATE NODE  
CREATE NODE  
CREATE NODE  
CREATE MU    
CREATE MUT   
CREATE MU    
UPDATE MU    
DELETE MU    
DELETE MU    
CREATE MU    
CREATE MUT   
CREATE MU    
CREATE MU    
CREATE HDP   
CREATE HDP   
CREATE HDP   
DELETE HDP   
CREATE HDP   
CREATE HDP   
CREATE DOM   
UPDATE DOM   
DELETE DOM   
CREATE DOM   
CREATE APPL  
UPDATE APPL  
CREATE APPL  
DELETE APPL  
CREATE APPL  
CREATE APD   
DELETE APD   
CREATE APD   
CREATE MUD   
CREATE PROF  
UPDATE PROF  
DELETE PROF  
CREATE PROF  
CREATE USER  
UPDATE USER  
DELETE USER  
CREATE USER  
CREATE CLASS 
UPDATE CLASS 
DELETE CLASS 
CREATE CLASS 
CREATE CLASS 
CREATE RES   
CREATE RES   
CREATE RES   
UPDATE RES   
DELETE RES   
